[I 2022-06-14 09:36:16.796 ServerApp] jupyterlab | extension was successfully linked.
[I 2022-06-14 09:36:16.827 ServerApp] nbclassic | extension was successfully linked.
[I 2022-06-14 09:36:22.623 ServerApp] notebook_shim | extension was successfully linked.
[I 2022-06-14 09:36:22.624 ServerApp] panel.io.jupyter_server_extension | extension was successfully linked.
[I 2022-06-14 09:36:22.941 ServerApp] notebook_shim | extension was successfully loaded.
[I 2022-06-14 09:36:22.944 LabApp] JupyterLab extension loaded from /home/k/kimpson/bin/conda/envs/workhorse/lib/python3.7/site-packages/jupyterlab
[I 2022-06-14 09:36:22.944 LabApp] JupyterLab application directory is /home/k/kimpson/bin/conda/envs/workhorse/share/jupyter/lab
[I 2022-06-14 09:36:22.958 ServerApp] jupyterlab | extension was successfully loaded.
[I 2022-06-14 09:36:23.042 ServerApp] nbclassic | extension was successfully loaded.
[I 2022-06-14 09:36:23.048 ServerApp] panel.io.jupyter_server_extension | extension was successfully loaded.
[I 2022-06-14 09:36:23.050 ServerApp] Serving notebooks from local directory: /gf3/predict2/TIP020_KIMPSON_SPML4L/speedy-1
[I 2022-06-14 09:36:23.050 ServerApp] Jupyter Server 1.15.6 is running at:
[I 2022-06-14 09:36:23.051 ServerApp] http://localhost:9168/lab
[I 2022-06-14 09:36:23.051 ServerApp]  or http://127.0.0.1:9168/lab
[I 2022-06-14 09:36:23.051 ServerApp] Use Control-C to stop this server and shut down all kernels (twice to skip confirmation).
[W 2022-06-14 09:36:23.312 ServerApp] 404 GET /api/kernels/d78a54fc-b9cc-4a8b-b05c-0548884240c5?1655195783030 (::1): Kernel does not exist: d78a54fc-b9cc-4a8b-b05c-0548884240c5
[W 2022-06-14 09:36:23.313 ServerApp] Kernel does not exist: d78a54fc-b9cc-4a8b-b05c-0548884240c5
[W 2022-06-14 09:36:23.314 ServerApp] 404 GET /api/kernels/d78a54fc-b9cc-4a8b-b05c-0548884240c5?1655195783030 (::1) 4.91ms referer=http://localhost:8885/lab/tree/jupyter_notebooks/paper/1b.Precipitation_timeseries.ipynb
[W 2022-06-14 09:36:24.216 ServerApp] 404 GET /api/kernels/d78a54fc-b9cc-4a8b-b05c-0548884240c5/channels?session_id=656fd1e3-868d-4a92-8062-60eb8624fa7b (::1): Kernel does not exist: d78a54fc-b9cc-4a8b-b05c-0548884240c5
[W 2022-06-14 09:36:24.274 ServerApp] 404 GET /api/kernels/d78a54fc-b9cc-4a8b-b05c-0548884240c5/channels?session_id=656fd1e3-868d-4a92-8062-60eb8624fa7b (::1) 62.01ms referer=None
[W 2022-06-14 09:36:24.363 ServerApp] 404 GET /api/kernels/d78a54fc-b9cc-4a8b-b05c-0548884240c5?1655195784187 (::1): Kernel does not exist: d78a54fc-b9cc-4a8b-b05c-0548884240c5
[W 2022-06-14 09:36:24.363 ServerApp] Kernel does not exist: d78a54fc-b9cc-4a8b-b05c-0548884240c5
[W 2022-06-14 09:36:24.364 ServerApp] 404 GET /api/kernels/d78a54fc-b9cc-4a8b-b05c-0548884240c5?1655195784187 (::1) 2.99ms referer=http://localhost:8885/lab/tree/jupyter_notebooks/paper/1b.Precipitation_timeseries.ipynb
[W 2022-06-14 09:36:27.110 ServerApp] 404 GET /api/kernels/aa43cd0c-abf8-4204-a364-b72d795cd894?1655195786787 (::1): Kernel does not exist: aa43cd0c-abf8-4204-a364-b72d795cd894
[W 2022-06-14 09:36:27.111 ServerApp] Kernel does not exist: aa43cd0c-abf8-4204-a364-b72d795cd894
[W 2022-06-14 09:36:27.112 ServerApp] 404 GET /api/kernels/aa43cd0c-abf8-4204-a364-b72d795cd894?1655195786787 (::1) 3.39ms referer=http://localhost:8885/lab/tree/jupyter_notebooks/paper/1b.Precipitation_timeseries.ipynb
[W 2022-06-14 09:36:27.131 ServerApp] 404 GET /api/kernels/d78a54fc-b9cc-4a8b-b05c-0548884240c5/channels?session_id=656fd1e3-868d-4a92-8062-60eb8624fa7b (::1): Kernel does not exist: d78a54fc-b9cc-4a8b-b05c-0548884240c5
[W 2022-06-14 09:36:27.133 ServerApp] 404 GET /api/kernels/d78a54fc-b9cc-4a8b-b05c-0548884240c5/channels?session_id=656fd1e3-868d-4a92-8062-60eb8624fa7b (::1) 6.25ms referer=None
[W 2022-06-14 09:36:27.163 ServerApp] 404 GET /api/kernels/d78a54fc-b9cc-4a8b-b05c-0548884240c5?1655195786989 (::1): Kernel does not exist: d78a54fc-b9cc-4a8b-b05c-0548884240c5
[W 2022-06-14 09:36:27.164 ServerApp] Kernel does not exist: d78a54fc-b9cc-4a8b-b05c-0548884240c5
[W 2022-06-14 09:36:27.164 ServerApp] 404 GET /api/kernels/d78a54fc-b9cc-4a8b-b05c-0548884240c5?1655195786989 (::1) 2.11ms referer=http://localhost:8885/lab/tree/jupyter_notebooks/paper/1b.Precipitation_timeseries.ipynb
[W 2022-06-14 09:36:28.181 ServerApp] 404 GET /api/kernels/aa43cd0c-abf8-4204-a364-b72d795cd894/channels?session_id=5a7b8783-a5b3-4dfb-a9d4-c4bcffba341a (::1): Kernel does not exist: aa43cd0c-abf8-4204-a364-b72d795cd894
[W 2022-06-14 09:36:28.183 ServerApp] 404 GET /api/kernels/aa43cd0c-abf8-4204-a364-b72d795cd894/channels?session_id=5a7b8783-a5b3-4dfb-a9d4-c4bcffba341a (::1) 6.91ms referer=None
[W 2022-06-14 09:36:28.206 ServerApp] 404 GET /api/kernels/aa43cd0c-abf8-4204-a364-b72d795cd894?1655195788032 (::1): Kernel does not exist: aa43cd0c-abf8-4204-a364-b72d795cd894
[W 2022-06-14 09:36:28.207 ServerApp] Kernel does not exist: aa43cd0c-abf8-4204-a364-b72d795cd894
[W 2022-06-14 09:36:28.208 ServerApp] 404 GET /api/kernels/aa43cd0c-abf8-4204-a364-b72d795cd894?1655195788032 (::1) 2.81ms referer=http://localhost:8885/lab/tree/jupyter_notebooks/paper/1b.Precipitation_timeseries.ipynb
[W 2022-06-14 09:36:29.270 ServerApp] 404 GET /api/kernels/aa43cd0c-abf8-4204-a364-b72d795cd894/channels?session_id=5a7b8783-a5b3-4dfb-a9d4-c4bcffba341a (::1): Kernel does not exist: aa43cd0c-abf8-4204-a364-b72d795cd894
[W 2022-06-14 09:36:29.273 ServerApp] 404 GET /api/kernels/aa43cd0c-abf8-4204-a364-b72d795cd894/channels?session_id=5a7b8783-a5b3-4dfb-a9d4-c4bcffba341a (::1) 6.44ms referer=None
[W 2022-06-14 09:36:29.297 ServerApp] 404 GET /api/kernels/aa43cd0c-abf8-4204-a364-b72d795cd894?1655195789122 (::1): Kernel does not exist: aa43cd0c-abf8-4204-a364-b72d795cd894
[W 2022-06-14 09:36:29.298 ServerApp] Kernel does not exist: aa43cd0c-abf8-4204-a364-b72d795cd894
[W 2022-06-14 09:36:29.299 ServerApp] 404 GET /api/kernels/aa43cd0c-abf8-4204-a364-b72d795cd894?1655195789122 (::1) 2.85ms referer=http://localhost:8885/lab/tree/jupyter_notebooks/paper/1b.Precipitation_timeseries.ipynb
[W 2022-06-14 09:36:31.725 ServerApp] 404 GET /api/kernels/d78a54fc-b9cc-4a8b-b05c-0548884240c5/channels?session_id=656fd1e3-868d-4a92-8062-60eb8624fa7b (::1): Kernel does not exist: d78a54fc-b9cc-4a8b-b05c-0548884240c5
[W 2022-06-14 09:36:31.728 ServerApp] 404 GET /api/kernels/d78a54fc-b9cc-4a8b-b05c-0548884240c5/channels?session_id=656fd1e3-868d-4a92-8062-60eb8624fa7b (::1) 6.26ms referer=None
[W 2022-06-14 09:36:31.753 ServerApp] 404 GET /api/kernels/d78a54fc-b9cc-4a8b-b05c-0548884240c5?1655195791578 (::1): Kernel does not exist: d78a54fc-b9cc-4a8b-b05c-0548884240c5
[W 2022-06-14 09:36:31.754 ServerApp] Kernel does not exist: d78a54fc-b9cc-4a8b-b05c-0548884240c5
[W 2022-06-14 09:36:31.755 ServerApp] 404 GET /api/kernels/d78a54fc-b9cc-4a8b-b05c-0548884240c5?1655195791578 (::1) 2.39ms referer=http://localhost:8885/lab/tree/jupyter_notebooks/paper/1b.Precipitation_timeseries.ipynb
[W 2022-06-14 09:36:31.994 ServerApp] 404 GET /api/kernels/aa43cd0c-abf8-4204-a364-b72d795cd894/channels?session_id=5a7b8783-a5b3-4dfb-a9d4-c4bcffba341a (::1): Kernel does not exist: aa43cd0c-abf8-4204-a364-b72d795cd894
[W 2022-06-14 09:36:31.996 ServerApp] 404 GET /api/kernels/aa43cd0c-abf8-4204-a364-b72d795cd894/channels?session_id=5a7b8783-a5b3-4dfb-a9d4-c4bcffba341a (::1) 5.46ms referer=None
[W 2022-06-14 09:36:32.025 ServerApp] 404 GET /api/kernels/aa43cd0c-abf8-4204-a364-b72d795cd894?1655195791848 (::1): Kernel does not exist: aa43cd0c-abf8-4204-a364-b72d795cd894
[W 2022-06-14 09:36:32.026 ServerApp] Kernel does not exist: aa43cd0c-abf8-4204-a364-b72d795cd894
[W 2022-06-14 09:36:32.027 ServerApp] 404 GET /api/kernels/aa43cd0c-abf8-4204-a364-b72d795cd894?1655195791848 (::1) 3.63ms referer=http://localhost:8885/lab/tree/jupyter_notebooks/paper/1b.Precipitation_timeseries.ipynb
[W 2022-06-14 09:36:34.469 ServerApp] 404 GET /api/kernels/866ff731-88f0-4d5c-b354-d1cf987557d3?1655195794294 (::1): Kernel does not exist: 866ff731-88f0-4d5c-b354-d1cf987557d3
[W 2022-06-14 09:36:34.470 ServerApp] Kernel does not exist: 866ff731-88f0-4d5c-b354-d1cf987557d3
[W 2022-06-14 09:36:34.471 ServerApp] 404 GET /api/kernels/866ff731-88f0-4d5c-b354-d1cf987557d3?1655195794294 (::1) 3.30ms referer=http://localhost:8885/lab/tree/jupyter_notebooks/paper/1b.Precipitation_timeseries.ipynb
[W 2022-06-14 09:36:35.148 ServerApp] 404 GET /api/kernels/866ff731-88f0-4d5c-b354-d1cf987557d3/channels?session_id=1df673bb-5d78-4553-8bb4-2d1b0345ad62 (::1): Kernel does not exist: 866ff731-88f0-4d5c-b354-d1cf987557d3
[W 2022-06-14 09:36:35.151 ServerApp] 404 GET /api/kernels/866ff731-88f0-4d5c-b354-d1cf987557d3/channels?session_id=1df673bb-5d78-4553-8bb4-2d1b0345ad62 (::1) 6.11ms referer=None
[W 2022-06-14 09:36:35.177 ServerApp] 404 GET /api/kernels/866ff731-88f0-4d5c-b354-d1cf987557d3?1655195795000 (::1): Kernel does not exist: 866ff731-88f0-4d5c-b354-d1cf987557d3
[W 2022-06-14 09:36:35.178 ServerApp] Kernel does not exist: 866ff731-88f0-4d5c-b354-d1cf987557d3
[W 2022-06-14 09:36:35.178 ServerApp] 404 GET /api/kernels/866ff731-88f0-4d5c-b354-d1cf987557d3?1655195795000 (::1) 2.32ms referer=http://localhost:8885/lab/tree/jupyter_notebooks/paper/1b.Precipitation_timeseries.ipynb
[W 2022-06-14 09:36:36.259 ServerApp] 404 GET /api/kernels/0a408c42-0719-4783-8c0f-a69cffa4bca1?1655195796083 (::1): Kernel does not exist: 0a408c42-0719-4783-8c0f-a69cffa4bca1
[W 2022-06-14 09:36:36.260 ServerApp] Kernel does not exist: 0a408c42-0719-4783-8c0f-a69cffa4bca1
[W 2022-06-14 09:36:36.262 ServerApp] 404 GET /api/kernels/0a408c42-0719-4783-8c0f-a69cffa4bca1?1655195796083 (::1) 4.22ms referer=http://localhost:8885/lab/tree/jupyter_notebooks/paper/1b.Precipitation_timeseries.ipynb
[W 2022-06-14 09:36:37.205 ServerApp] 404 GET /api/kernels/866ff731-88f0-4d5c-b354-d1cf987557d3/channels?session_id=1df673bb-5d78-4553-8bb4-2d1b0345ad62 (::1): Kernel does not exist: 866ff731-88f0-4d5c-b354-d1cf987557d3
[W 2022-06-14 09:36:37.207 ServerApp] 404 GET /api/kernels/866ff731-88f0-4d5c-b354-d1cf987557d3/channels?session_id=1df673bb-5d78-4553-8bb4-2d1b0345ad62 (::1) 6.27ms referer=None
[W 2022-06-14 09:36:37.233 ServerApp] 404 GET /api/kernels/866ff731-88f0-4d5c-b354-d1cf987557d3?1655195797057 (::1): Kernel does not exist: 866ff731-88f0-4d5c-b354-d1cf987557d3
[W 2022-06-14 09:36:37.234 ServerApp] Kernel does not exist: 866ff731-88f0-4d5c-b354-d1cf987557d3
[W 2022-06-14 09:36:37.235 ServerApp] 404 GET /api/kernels/866ff731-88f0-4d5c-b354-d1cf987557d3?1655195797057 (::1) 2.95ms referer=http://localhost:8885/lab/tree/jupyter_notebooks/paper/1b.Precipitation_timeseries.ipynb
[W 2022-06-14 09:36:37.265 ServerApp] 404 GET /api/kernels/0a408c42-0719-4783-8c0f-a69cffa4bca1/channels?session_id=d3482239-6978-4838-b5a2-f843d4c5f607 (::1): Kernel does not exist: 0a408c42-0719-4783-8c0f-a69cffa4bca1
[W 2022-06-14 09:36:37.267 ServerApp] 404 GET /api/kernels/0a408c42-0719-4783-8c0f-a69cffa4bca1/channels?session_id=d3482239-6978-4838-b5a2-f843d4c5f607 (::1) 5.45ms referer=None
[W 2022-06-14 09:36:37.318 ServerApp] 404 GET /api/kernels/0a408c42-0719-4783-8c0f-a69cffa4bca1?1655195797139 (::1): Kernel does not exist: 0a408c42-0719-4783-8c0f-a69cffa4bca1
[W 2022-06-14 09:36:37.318 ServerApp] Kernel does not exist: 0a408c42-0719-4783-8c0f-a69cffa4bca1
[W 2022-06-14 09:36:37.319 ServerApp] 404 GET /api/kernels/0a408c42-0719-4783-8c0f-a69cffa4bca1?1655195797139 (::1) 2.36ms referer=http://localhost:8885/lab/tree/jupyter_notebooks/paper/1b.Precipitation_timeseries.ipynb
[W 2022-06-14 09:36:37.345 ServerApp] 404 GET /api/kernels/aa43cd0c-abf8-4204-a364-b72d795cd894/channels?session_id=5a7b8783-a5b3-4dfb-a9d4-c4bcffba341a (::1): Kernel does not exist: aa43cd0c-abf8-4204-a364-b72d795cd894
[W 2022-06-14 09:36:37.348 ServerApp] 404 GET /api/kernels/aa43cd0c-abf8-4204-a364-b72d795cd894/channels?session_id=5a7b8783-a5b3-4dfb-a9d4-c4bcffba341a (::1) 5.85ms referer=None
[W 2022-06-14 09:36:37.597 ServerApp] 404 GET /api/kernels/aa43cd0c-abf8-4204-a364-b72d795cd894?1655195797201 (::1): Kernel does not exist: aa43cd0c-abf8-4204-a364-b72d795cd894
[W 2022-06-14 09:36:37.598 ServerApp] Kernel does not exist: aa43cd0c-abf8-4204-a364-b72d795cd894
[W 2022-06-14 09:36:37.599 ServerApp] 404 GET /api/kernels/aa43cd0c-abf8-4204-a364-b72d795cd894?1655195797201 (::1) 2.96ms referer=http://localhost:8885/lab/tree/jupyter_notebooks/paper/1b.Precipitation_timeseries.ipynb
[W 2022-06-14 09:36:38.210 ServerApp] 404 GET /api/kernels/866ff731-88f0-4d5c-b354-d1cf987557d3/channels?session_id=1df673bb-5d78-4553-8bb4-2d1b0345ad62 (::1): Kernel does not exist: 866ff731-88f0-4d5c-b354-d1cf987557d3
[W 2022-06-14 09:36:38.212 ServerApp] 404 GET /api/kernels/866ff731-88f0-4d5c-b354-d1cf987557d3/channels?session_id=1df673bb-5d78-4553-8bb4-2d1b0345ad62 (::1) 5.56ms referer=None
[W 2022-06-14 09:36:38.238 ServerApp] 404 GET /api/kernels/866ff731-88f0-4d5c-b354-d1cf987557d3?1655195798062 (::1): Kernel does not exist: 866ff731-88f0-4d5c-b354-d1cf987557d3
[W 2022-06-14 09:36:38.239 ServerApp] Kernel does not exist: 866ff731-88f0-4d5c-b354-d1cf987557d3
[W 2022-06-14 09:36:38.239 ServerApp] 404 GET /api/kernels/866ff731-88f0-4d5c-b354-d1cf987557d3?1655195798062 (::1) 2.31ms referer=http://localhost:8885/lab/tree/jupyter_notebooks/paper/1b.Precipitation_timeseries.ipynb
[W 2022-06-14 09:36:39.159 ServerApp] 404 GET /api/kernels/babec40f-135a-42c1-8757-5456a3cfceac?1655195798977 (::1): Kernel does not exist: babec40f-135a-42c1-8757-5456a3cfceac
[W 2022-06-14 09:36:39.160 ServerApp] Kernel does not exist: babec40f-135a-42c1-8757-5456a3cfceac
[W 2022-06-14 09:36:39.161 ServerApp] 404 GET /api/kernels/babec40f-135a-42c1-8757-5456a3cfceac?1655195798977 (::1) 3.99ms referer=http://localhost:8885/lab/tree/jupyter_notebooks/paper/1b.Precipitation_timeseries.ipynb
[W 2022-06-14 09:36:39.364 ServerApp] 404 GET /api/kernels/866ff731-88f0-4d5c-b354-d1cf987557d3/channels?session_id=1df673bb-5d78-4553-8bb4-2d1b0345ad62 (::1): Kernel does not exist: 866ff731-88f0-4d5c-b354-d1cf987557d3
[W 2022-06-14 09:36:39.367 ServerApp] 404 GET /api/kernels/866ff731-88f0-4d5c-b354-d1cf987557d3/channels?session_id=1df673bb-5d78-4553-8bb4-2d1b0345ad62 (::1) 5.84ms referer=None
[W 2022-06-14 09:36:39.391 ServerApp] 404 GET /api/kernels/866ff731-88f0-4d5c-b354-d1cf987557d3?1655195799216 (::1): Kernel does not exist: 866ff731-88f0-4d5c-b354-d1cf987557d3
[W 2022-06-14 09:36:39.392 ServerApp] Kernel does not exist: 866ff731-88f0-4d5c-b354-d1cf987557d3
[W 2022-06-14 09:36:39.393 ServerApp] 404 GET /api/kernels/866ff731-88f0-4d5c-b354-d1cf987557d3?1655195799216 (::1) 2.82ms referer=http://localhost:8885/lab/tree/jupyter_notebooks/paper/1b.Precipitation_timeseries.ipynb
[W 2022-06-14 09:36:39.429 ServerApp] 404 GET /api/kernels/0a408c42-0719-4783-8c0f-a69cffa4bca1/channels?session_id=d3482239-6978-4838-b5a2-f843d4c5f607 (::1): Kernel does not exist: 0a408c42-0719-4783-8c0f-a69cffa4bca1
[W 2022-06-14 09:36:39.432 ServerApp] 404 GET /api/kernels/0a408c42-0719-4783-8c0f-a69cffa4bca1/channels?session_id=d3482239-6978-4838-b5a2-f843d4c5f607 (::1) 6.93ms referer=None
[W 2022-06-14 09:36:39.456 ServerApp] 404 GET /api/kernels/0a408c42-0719-4783-8c0f-a69cffa4bca1?1655195799281 (::1): Kernel does not exist: 0a408c42-0719-4783-8c0f-a69cffa4bca1
[W 2022-06-14 09:36:39.457 ServerApp] Kernel does not exist: 0a408c42-0719-4783-8c0f-a69cffa4bca1
[W 2022-06-14 09:36:39.458 ServerApp] 404 GET /api/kernels/0a408c42-0719-4783-8c0f-a69cffa4bca1?1655195799281 (::1) 3.15ms referer=http://localhost:8885/lab/tree/jupyter_notebooks/paper/1b.Precipitation_timeseries.ipynb
[W 2022-06-14 09:36:41.201 ServerApp] 404 GET /api/kernels/babec40f-135a-42c1-8757-5456a3cfceac/channels?session_id=c5d6e77e-cf84-4d48-a922-a2fc7fd8f4a6 (::1): Kernel does not exist: babec40f-135a-42c1-8757-5456a3cfceac
[W 2022-06-14 09:36:41.204 ServerApp] 404 GET /api/kernels/babec40f-135a-42c1-8757-5456a3cfceac/channels?session_id=c5d6e77e-cf84-4d48-a922-a2fc7fd8f4a6 (::1) 13.21ms referer=None
[W 2022-06-14 09:36:41.246 ServerApp] 404 GET /api/kernels/babec40f-135a-42c1-8757-5456a3cfceac?1655195801068 (::1): Kernel does not exist: babec40f-135a-42c1-8757-5456a3cfceac
[W 2022-06-14 09:36:41.246 ServerApp] Kernel does not exist: babec40f-135a-42c1-8757-5456a3cfceac
[W 2022-06-14 09:36:41.247 ServerApp] 404 GET /api/kernels/babec40f-135a-42c1-8757-5456a3cfceac?1655195801068 (::1) 1.93ms referer=http://localhost:8885/lab/tree/jupyter_notebooks/paper/1b.Precipitation_timeseries.ipynb
[W 2022-06-14 09:36:44.177 ServerApp] 404 GET /api/kernels/9348b8a3-e482-424f-9f0c-735584fde370?1655195804002 (::1): Kernel does not exist: 9348b8a3-e482-424f-9f0c-735584fde370
[W 2022-06-14 09:36:44.178 ServerApp] Kernel does not exist: 9348b8a3-e482-424f-9f0c-735584fde370
[W 2022-06-14 09:36:44.179 ServerApp] 404 GET /api/kernels/9348b8a3-e482-424f-9f0c-735584fde370?1655195804002 (::1) 3.56ms referer=http://localhost:8885/lab/tree/jupyter_notebooks/paper/1b.Precipitation_timeseries.ipynb
[W 2022-06-14 09:36:45.742 ServerApp] 404 GET /api/kernels/0a408c42-0719-4783-8c0f-a69cffa4bca1/channels?session_id=d3482239-6978-4838-b5a2-f843d4c5f607 (::1): Kernel does not exist: 0a408c42-0719-4783-8c0f-a69cffa4bca1
[W 2022-06-14 09:36:45.744 ServerApp] 404 GET /api/kernels/0a408c42-0719-4783-8c0f-a69cffa4bca1/channels?session_id=d3482239-6978-4838-b5a2-f843d4c5f607 (::1) 6.21ms referer=None
[W 2022-06-14 09:36:45.996 ServerApp] 404 GET /api/kernels/0a408c42-0719-4783-8c0f-a69cffa4bca1?1655195805815 (::1): Kernel does not exist: 0a408c42-0719-4783-8c0f-a69cffa4bca1
[W 2022-06-14 09:36:45.996 ServerApp] Kernel does not exist: 0a408c42-0719-4783-8c0f-a69cffa4bca1
[W 2022-06-14 09:36:45.997 ServerApp] 404 GET /api/kernels/0a408c42-0719-4783-8c0f-a69cffa4bca1?1655195805815 (::1) 3.01ms referer=http://localhost:8885/lab/tree/jupyter_notebooks/paper/1b.Precipitation_timeseries.ipynb
[W 2022-06-14 09:36:46.022 ServerApp] 404 GET /api/kernels/feaa8cff-0254-4778-b8fd-76a5cbbbd6f0?1655195805817 (::1): Kernel does not exist: feaa8cff-0254-4778-b8fd-76a5cbbbd6f0
[W 2022-06-14 09:36:46.023 ServerApp] Kernel does not exist: feaa8cff-0254-4778-b8fd-76a5cbbbd6f0
[W 2022-06-14 09:36:46.023 ServerApp] 404 GET /api/kernels/feaa8cff-0254-4778-b8fd-76a5cbbbd6f0?1655195805817 (::1) 2.77ms referer=http://localhost:8885/lab/tree/jupyter_notebooks/paper/1b.Precipitation_timeseries.ipynb
[W 2022-06-14 09:36:47.038 ServerApp] 404 GET /api/kernels/babec40f-135a-42c1-8757-5456a3cfceac/channels?session_id=c5d6e77e-cf84-4d48-a922-a2fc7fd8f4a6 (::1): Kernel does not exist: babec40f-135a-42c1-8757-5456a3cfceac
[W 2022-06-14 09:36:47.041 ServerApp] 404 GET /api/kernels/babec40f-135a-42c1-8757-5456a3cfceac/channels?session_id=c5d6e77e-cf84-4d48-a922-a2fc7fd8f4a6 (::1) 7.21ms referer=None
[W 2022-06-14 09:36:47.067 ServerApp] 404 GET /api/kernels/babec40f-135a-42c1-8757-5456a3cfceac?1655195806891 (::1): Kernel does not exist: babec40f-135a-42c1-8757-5456a3cfceac
[W 2022-06-14 09:36:47.068 ServerApp] Kernel does not exist: babec40f-135a-42c1-8757-5456a3cfceac
[W 2022-06-14 09:36:47.069 ServerApp] 404 GET /api/kernels/babec40f-135a-42c1-8757-5456a3cfceac?1655195806891 (::1) 3.24ms referer=http://localhost:8885/lab/tree/jupyter_notebooks/paper/1b.Precipitation_timeseries.ipynb
[W 2022-06-14 09:36:49.152 ServerApp] 404 GET /api/kernels/d78a54fc-b9cc-4a8b-b05c-0548884240c5/channels?session_id=656fd1e3-868d-4a92-8062-60eb8624fa7b (::1): Kernel does not exist: d78a54fc-b9cc-4a8b-b05c-0548884240c5
[W 2022-06-14 09:36:49.155 ServerApp] 404 GET /api/kernels/d78a54fc-b9cc-4a8b-b05c-0548884240c5/channels?session_id=656fd1e3-868d-4a92-8062-60eb8624fa7b (::1) 5.97ms referer=None
[W 2022-06-14 09:36:49.182 ServerApp] 404 GET /api/kernels/d78a54fc-b9cc-4a8b-b05c-0548884240c5?1655195809005 (::1): Kernel does not exist: d78a54fc-b9cc-4a8b-b05c-0548884240c5
[W 2022-06-14 09:36:49.183 ServerApp] Kernel does not exist: d78a54fc-b9cc-4a8b-b05c-0548884240c5
[W 2022-06-14 09:36:49.183 ServerApp] 404 GET /api/kernels/d78a54fc-b9cc-4a8b-b05c-0548884240c5?1655195809005 (::1) 2.54ms referer=http://localhost:8885/lab/tree/jupyter_notebooks/paper/1b.Precipitation_timeseries.ipynb
[W 2022-06-14 09:36:49.719 ServerApp] 404 GET /api/kernels/feaa8cff-0254-4778-b8fd-76a5cbbbd6f0/channels?session_id=a6d5de86-ad1e-4b3b-8dab-448f3270469a (::1): Kernel does not exist: feaa8cff-0254-4778-b8fd-76a5cbbbd6f0
[W 2022-06-14 09:36:49.721 ServerApp] 404 GET /api/kernels/feaa8cff-0254-4778-b8fd-76a5cbbbd6f0/channels?session_id=a6d5de86-ad1e-4b3b-8dab-448f3270469a (::1) 5.47ms referer=None
[W 2022-06-14 09:36:49.744 ServerApp] 404 GET /api/kernels/feaa8cff-0254-4778-b8fd-76a5cbbbd6f0?1655195809570 (::1): Kernel does not exist: feaa8cff-0254-4778-b8fd-76a5cbbbd6f0
[W 2022-06-14 09:36:49.745 ServerApp] Kernel does not exist: feaa8cff-0254-4778-b8fd-76a5cbbbd6f0
[W 2022-06-14 09:36:49.745 ServerApp] 404 GET /api/kernels/feaa8cff-0254-4778-b8fd-76a5cbbbd6f0?1655195809570 (::1) 2.36ms referer=http://localhost:8885/lab/tree/jupyter_notebooks/paper/1b.Precipitation_timeseries.ipynb
[W 2022-06-14 09:36:50.453 ServerApp] 404 GET /api/kernels/9348b8a3-e482-424f-9f0c-735584fde370/channels?session_id=57d39b8f-e8f4-4926-b2e2-9d272139c8b5 (::1): Kernel does not exist: 9348b8a3-e482-424f-9f0c-735584fde370
[W 2022-06-14 09:36:50.455 ServerApp] 404 GET /api/kernels/9348b8a3-e482-424f-9f0c-735584fde370/channels?session_id=57d39b8f-e8f4-4926-b2e2-9d272139c8b5 (::1) 5.67ms referer=None
[W 2022-06-14 09:36:50.482 ServerApp] 404 GET /api/kernels/9348b8a3-e482-424f-9f0c-735584fde370?1655195810304 (::1): Kernel does not exist: 9348b8a3-e482-424f-9f0c-735584fde370
[W 2022-06-14 09:36:50.483 ServerApp] Kernel does not exist: 9348b8a3-e482-424f-9f0c-735584fde370
[W 2022-06-14 09:36:50.484 ServerApp] 404 GET /api/kernels/9348b8a3-e482-424f-9f0c-735584fde370?1655195810304 (::1) 3.66ms referer=http://localhost:8885/lab/tree/jupyter_notebooks/paper/1b.Precipitation_timeseries.ipynb
[W 2022-06-14 09:36:53.723 ServerApp] 404 GET /api/kernels/866ff731-88f0-4d5c-b354-d1cf987557d3/channels?session_id=1df673bb-5d78-4553-8bb4-2d1b0345ad62 (::1): Kernel does not exist: 866ff731-88f0-4d5c-b354-d1cf987557d3
[W 2022-06-14 09:36:53.725 ServerApp] 404 GET /api/kernels/866ff731-88f0-4d5c-b354-d1cf987557d3/channels?session_id=1df673bb-5d78-4553-8bb4-2d1b0345ad62 (::1) 6.45ms referer=None
[W 2022-06-14 09:36:53.752 ServerApp] 404 GET /api/kernels/866ff731-88f0-4d5c-b354-d1cf987557d3?1655195813576 (::1): Kernel does not exist: 866ff731-88f0-4d5c-b354-d1cf987557d3
[W 2022-06-14 09:36:53.753 ServerApp] Kernel does not exist: 866ff731-88f0-4d5c-b354-d1cf987557d3
[W 2022-06-14 09:36:53.753 ServerApp] 404 GET /api/kernels/866ff731-88f0-4d5c-b354-d1cf987557d3?1655195813576 (::1) 2.95ms referer=http://localhost:8885/lab/tree/jupyter_notebooks/paper/1b.Precipitation_timeseries.ipynb
[W 2022-06-14 09:36:54.514 ServerApp] 404 GET /api/kernels/feaa8cff-0254-4778-b8fd-76a5cbbbd6f0/channels?session_id=a6d5de86-ad1e-4b3b-8dab-448f3270469a (::1): Kernel does not exist: feaa8cff-0254-4778-b8fd-76a5cbbbd6f0
[W 2022-06-14 09:36:54.516 ServerApp] 404 GET /api/kernels/feaa8cff-0254-4778-b8fd-76a5cbbbd6f0/channels?session_id=a6d5de86-ad1e-4b3b-8dab-448f3270469a (::1) 6.00ms referer=None
[W 2022-06-14 09:36:54.541 ServerApp] 404 GET /api/kernels/feaa8cff-0254-4778-b8fd-76a5cbbbd6f0?1655195814365 (::1): Kernel does not exist: feaa8cff-0254-4778-b8fd-76a5cbbbd6f0
[W 2022-06-14 09:36:54.542 ServerApp] Kernel does not exist: feaa8cff-0254-4778-b8fd-76a5cbbbd6f0
[W 2022-06-14 09:36:54.543 ServerApp] 404 GET /api/kernels/feaa8cff-0254-4778-b8fd-76a5cbbbd6f0?1655195814365 (::1) 2.96ms referer=http://localhost:8885/lab/tree/jupyter_notebooks/paper/1b.Precipitation_timeseries.ipynb
[W 2022-06-14 09:36:54.786 ServerApp] 404 GET /api/kernels/9348b8a3-e482-424f-9f0c-735584fde370/channels?session_id=57d39b8f-e8f4-4926-b2e2-9d272139c8b5 (::1): Kernel does not exist: 9348b8a3-e482-424f-9f0c-735584fde370
[W 2022-06-14 09:36:54.788 ServerApp] 404 GET /api/kernels/9348b8a3-e482-424f-9f0c-735584fde370/channels?session_id=57d39b8f-e8f4-4926-b2e2-9d272139c8b5 (::1) 6.09ms referer=None
[W 2022-06-14 09:36:54.817 ServerApp] 404 GET /api/kernels/9348b8a3-e482-424f-9f0c-735584fde370?1655195814637 (::1): Kernel does not exist: 9348b8a3-e482-424f-9f0c-735584fde370
[W 2022-06-14 09:36:54.818 ServerApp] Kernel does not exist: 9348b8a3-e482-424f-9f0c-735584fde370
[W 2022-06-14 09:36:54.819 ServerApp] 404 GET /api/kernels/9348b8a3-e482-424f-9f0c-735584fde370?1655195814637 (::1) 2.94ms referer=http://localhost:8885/lab/tree/jupyter_notebooks/paper/1b.Precipitation_timeseries.ipynb
[W 2022-06-14 09:36:55.442 ServerApp] 404 GET /api/kernels/babec40f-135a-42c1-8757-5456a3cfceac/channels?session_id=c5d6e77e-cf84-4d48-a922-a2fc7fd8f4a6 (::1): Kernel does not exist: babec40f-135a-42c1-8757-5456a3cfceac
[W 2022-06-14 09:36:55.444 ServerApp] 404 GET /api/kernels/babec40f-135a-42c1-8757-5456a3cfceac/channels?session_id=c5d6e77e-cf84-4d48-a922-a2fc7fd8f4a6 (::1) 5.53ms referer=None
[W 2022-06-14 09:36:55.467 ServerApp] 404 GET /api/kernels/babec40f-135a-42c1-8757-5456a3cfceac?1655195815293 (::1): Kernel does not exist: babec40f-135a-42c1-8757-5456a3cfceac
[W 2022-06-14 09:36:55.468 ServerApp] Kernel does not exist: babec40f-135a-42c1-8757-5456a3cfceac
[W 2022-06-14 09:36:55.469 ServerApp] 404 GET /api/kernels/babec40f-135a-42c1-8757-5456a3cfceac?1655195815293 (::1) 2.57ms referer=http://localhost:8885/lab/tree/jupyter_notebooks/paper/1b.Precipitation_timeseries.ipynb
[W 2022-06-14 09:36:59.791 ServerApp] 404 GET /api/kernels/9348b8a3-e482-424f-9f0c-735584fde370/channels?session_id=57d39b8f-e8f4-4926-b2e2-9d272139c8b5 (::1): Kernel does not exist: 9348b8a3-e482-424f-9f0c-735584fde370
[W 2022-06-14 09:36:59.796 ServerApp] 404 GET /api/kernels/9348b8a3-e482-424f-9f0c-735584fde370/channels?session_id=57d39b8f-e8f4-4926-b2e2-9d272139c8b5 (::1) 9.14ms referer=None
[W 2022-06-14 09:36:59.823 ServerApp] 404 GET /api/kernels/9348b8a3-e482-424f-9f0c-735584fde370?1655195819645 (::1): Kernel does not exist: 9348b8a3-e482-424f-9f0c-735584fde370
[W 2022-06-14 09:36:59.824 ServerApp] Kernel does not exist: 9348b8a3-e482-424f-9f0c-735584fde370
[W 2022-06-14 09:36:59.825 ServerApp] 404 GET /api/kernels/9348b8a3-e482-424f-9f0c-735584fde370?1655195819645 (::1) 3.38ms referer=http://localhost:8885/lab/tree/jupyter_notebooks/paper/1b.Precipitation_timeseries.ipynb
[W 2022-06-14 09:37:00.250 ServerApp] 404 GET /api/kernels/feaa8cff-0254-4778-b8fd-76a5cbbbd6f0/channels?session_id=a6d5de86-ad1e-4b3b-8dab-448f3270469a (::1): Kernel does not exist: feaa8cff-0254-4778-b8fd-76a5cbbbd6f0
[W 2022-06-14 09:37:00.252 ServerApp] 404 GET /api/kernels/feaa8cff-0254-4778-b8fd-76a5cbbbd6f0/channels?session_id=a6d5de86-ad1e-4b3b-8dab-448f3270469a (::1) 5.58ms referer=None
[W 2022-06-14 09:37:00.275 ServerApp] 404 GET /api/kernels/feaa8cff-0254-4778-b8fd-76a5cbbbd6f0?1655195820101 (::1): Kernel does not exist: feaa8cff-0254-4778-b8fd-76a5cbbbd6f0
[W 2022-06-14 09:37:00.276 ServerApp] Kernel does not exist: feaa8cff-0254-4778-b8fd-76a5cbbbd6f0
[W 2022-06-14 09:37:00.277 ServerApp] 404 GET /api/kernels/feaa8cff-0254-4778-b8fd-76a5cbbbd6f0?1655195820101 (::1) 2.51ms referer=http://localhost:8885/lab/tree/jupyter_notebooks/paper/1b.Precipitation_timeseries.ipynb
[W 2022-06-14 09:37:01.079 ServerApp] 404 GET /api/kernels/0a408c42-0719-4783-8c0f-a69cffa4bca1/channels?session_id=d3482239-6978-4838-b5a2-f843d4c5f607 (::1): Kernel does not exist: 0a408c42-0719-4783-8c0f-a69cffa4bca1
[W 2022-06-14 09:37:01.081 ServerApp] 404 GET /api/kernels/0a408c42-0719-4783-8c0f-a69cffa4bca1/channels?session_id=d3482239-6978-4838-b5a2-f843d4c5f607 (::1) 5.53ms referer=None
[W 2022-06-14 09:37:01.105 ServerApp] 404 GET /api/kernels/0a408c42-0719-4783-8c0f-a69cffa4bca1?1655195820930 (::1): Kernel does not exist: 0a408c42-0719-4783-8c0f-a69cffa4bca1
[W 2022-06-14 09:37:01.105 ServerApp] Kernel does not exist: 0a408c42-0719-4783-8c0f-a69cffa4bca1
[W 2022-06-14 09:37:01.106 ServerApp] 404 GET /api/kernels/0a408c42-0719-4783-8c0f-a69cffa4bca1?1655195820930 (::1) 2.34ms referer=http://localhost:8885/lab/tree/jupyter_notebooks/paper/1b.Precipitation_timeseries.ipynb
[W 2022-06-14 09:37:05.344 ServerApp] 404 GET /api/kernels/babec40f-135a-42c1-8757-5456a3cfceac/channels?session_id=c5d6e77e-cf84-4d48-a922-a2fc7fd8f4a6 (::1): Kernel does not exist: babec40f-135a-42c1-8757-5456a3cfceac
[W 2022-06-14 09:37:05.347 ServerApp] 404 GET /api/kernels/babec40f-135a-42c1-8757-5456a3cfceac/channels?session_id=c5d6e77e-cf84-4d48-a922-a2fc7fd8f4a6 (::1) 6.63ms referer=None
[W 2022-06-14 09:37:05.370 ServerApp] 404 GET /api/kernels/babec40f-135a-42c1-8757-5456a3cfceac?1655195825195 (::1): Kernel does not exist: babec40f-135a-42c1-8757-5456a3cfceac
[W 2022-06-14 09:37:05.370 ServerApp] Kernel does not exist: babec40f-135a-42c1-8757-5456a3cfceac
[W 2022-06-14 09:37:05.371 ServerApp] 404 GET /api/kernels/babec40f-135a-42c1-8757-5456a3cfceac?1655195825195 (::1) 2.41ms referer=http://localhost:8885/lab/tree/jupyter_notebooks/paper/1b.Precipitation_timeseries.ipynb
[W 2022-06-14 09:37:05.402 ServerApp] 404 GET /api/kernels/aa43cd0c-abf8-4204-a364-b72d795cd894/channels?session_id=5a7b8783-a5b3-4dfb-a9d4-c4bcffba341a (::1): Kernel does not exist: aa43cd0c-abf8-4204-a364-b72d795cd894
[W 2022-06-14 09:37:05.404 ServerApp] 404 GET /api/kernels/aa43cd0c-abf8-4204-a364-b72d795cd894/channels?session_id=5a7b8783-a5b3-4dfb-a9d4-c4bcffba341a (::1) 5.86ms referer=None
[W 2022-06-14 09:37:05.432 ServerApp] 404 GET /api/kernels/aa43cd0c-abf8-4204-a364-b72d795cd894?1655195825253 (::1): Kernel does not exist: aa43cd0c-abf8-4204-a364-b72d795cd894
[W 2022-06-14 09:37:05.432 ServerApp] Kernel does not exist: aa43cd0c-abf8-4204-a364-b72d795cd894
[W 2022-06-14 09:37:05.433 ServerApp] 404 GET /api/kernels/aa43cd0c-abf8-4204-a364-b72d795cd894?1655195825253 (::1) 2.99ms referer=http://localhost:8885/lab/tree/jupyter_notebooks/paper/1b.Precipitation_timeseries.ipynb
[W 2022-06-14 09:37:09.465 ServerApp] 404 GET /api/kernels/866ff731-88f0-4d5c-b354-d1cf987557d3/channels?session_id=1df673bb-5d78-4553-8bb4-2d1b0345ad62 (::1): Kernel does not exist: 866ff731-88f0-4d5c-b354-d1cf987557d3
[W 2022-06-14 09:37:09.468 ServerApp] 404 GET /api/kernels/866ff731-88f0-4d5c-b354-d1cf987557d3/channels?session_id=1df673bb-5d78-4553-8bb4-2d1b0345ad62 (::1) 6.60ms referer=None
[W 2022-06-14 09:37:09.491 ServerApp] 404 GET /api/kernels/866ff731-88f0-4d5c-b354-d1cf987557d3?1655195829316 (::1): Kernel does not exist: 866ff731-88f0-4d5c-b354-d1cf987557d3
[W 2022-06-14 09:37:09.491 ServerApp] Kernel does not exist: 866ff731-88f0-4d5c-b354-d1cf987557d3
[W 2022-06-14 09:37:09.492 ServerApp] 404 GET /api/kernels/866ff731-88f0-4d5c-b354-d1cf987557d3?1655195829316 (::1) 2.27ms referer=http://localhost:8885/lab/tree/jupyter_notebooks/paper/1b.Precipitation_timeseries.ipynb
[W 2022-06-14 09:37:10.132 ServerApp] 404 GET /api/kernels/babec40f-135a-42c1-8757-5456a3cfceac/channels?session_id=c5d6e77e-cf84-4d48-a922-a2fc7fd8f4a6 (::1): Kernel does not exist: babec40f-135a-42c1-8757-5456a3cfceac
[W 2022-06-14 09:37:10.135 ServerApp] 404 GET /api/kernels/babec40f-135a-42c1-8757-5456a3cfceac/channels?session_id=c5d6e77e-cf84-4d48-a922-a2fc7fd8f4a6 (::1) 6.43ms referer=None
[W 2022-06-14 09:37:10.169 ServerApp] 404 GET /api/kernels/babec40f-135a-42c1-8757-5456a3cfceac?1655195829992 (::1): Kernel does not exist: babec40f-135a-42c1-8757-5456a3cfceac
[W 2022-06-14 09:37:10.169 ServerApp] Kernel does not exist: babec40f-135a-42c1-8757-5456a3cfceac
[W 2022-06-14 09:37:10.170 ServerApp] 404 GET /api/kernels/babec40f-135a-42c1-8757-5456a3cfceac?1655195829992 (::1) 3.12ms referer=http://localhost:8885/lab/tree/jupyter_notebooks/paper/1b.Precipitation_timeseries.ipynb
[W 2022-06-14 09:37:11.761 ServerApp] 404 GET /api/kernels/feaa8cff-0254-4778-b8fd-76a5cbbbd6f0/channels?session_id=a6d5de86-ad1e-4b3b-8dab-448f3270469a (::1): Kernel does not exist: feaa8cff-0254-4778-b8fd-76a5cbbbd6f0
[W 2022-06-14 09:37:11.764 ServerApp] 404 GET /api/kernels/feaa8cff-0254-4778-b8fd-76a5cbbbd6f0/channels?session_id=a6d5de86-ad1e-4b3b-8dab-448f3270469a (::1) 6.21ms referer=None
[W 2022-06-14 09:37:11.791 ServerApp] 404 GET /api/kernels/feaa8cff-0254-4778-b8fd-76a5cbbbd6f0?1655195831613 (::1): Kernel does not exist: feaa8cff-0254-4778-b8fd-76a5cbbbd6f0
[W 2022-06-14 09:37:11.791 ServerApp] Kernel does not exist: feaa8cff-0254-4778-b8fd-76a5cbbbd6f0
[W 2022-06-14 09:37:11.792 ServerApp] 404 GET /api/kernels/feaa8cff-0254-4778-b8fd-76a5cbbbd6f0?1655195831613 (::1) 2.56ms referer=http://localhost:8885/lab/tree/jupyter_notebooks/paper/1b.Precipitation_timeseries.ipynb
[W 2022-06-14 09:37:13.482 ServerApp] 404 GET /api/kernels/9348b8a3-e482-424f-9f0c-735584fde370/channels?session_id=57d39b8f-e8f4-4926-b2e2-9d272139c8b5 (::1): Kernel does not exist: 9348b8a3-e482-424f-9f0c-735584fde370
[W 2022-06-14 09:37:13.484 ServerApp] 404 GET /api/kernels/9348b8a3-e482-424f-9f0c-735584fde370/channels?session_id=57d39b8f-e8f4-4926-b2e2-9d272139c8b5 (::1) 5.97ms referer=None
[W 2022-06-14 09:37:13.509 ServerApp] 404 GET /api/kernels/9348b8a3-e482-424f-9f0c-735584fde370?1655195833333 (::1): Kernel does not exist: 9348b8a3-e482-424f-9f0c-735584fde370
[W 2022-06-14 09:37:13.510 ServerApp] Kernel does not exist: 9348b8a3-e482-424f-9f0c-735584fde370
[W 2022-06-14 09:37:13.511 ServerApp] 404 GET /api/kernels/9348b8a3-e482-424f-9f0c-735584fde370?1655195833333 (::1) 2.95ms referer=http://localhost:8885/lab/tree/jupyter_notebooks/paper/1b.Precipitation_timeseries.ipynb
[W 2022-06-14 09:37:18.264 ServerApp] 404 GET /api/kernels/0a408c42-0719-4783-8c0f-a69cffa4bca1/channels?session_id=d3482239-6978-4838-b5a2-f843d4c5f607 (::1): Kernel does not exist: 0a408c42-0719-4783-8c0f-a69cffa4bca1
[W 2022-06-14 09:37:18.267 ServerApp] 404 GET /api/kernels/0a408c42-0719-4783-8c0f-a69cffa4bca1/channels?session_id=d3482239-6978-4838-b5a2-f843d4c5f607 (::1) 6.85ms referer=None
[W 2022-06-14 09:37:18.496 ServerApp] 404 GET /api/kernels/0a408c42-0719-4783-8c0f-a69cffa4bca1?1655195838320 (::1): Kernel does not exist: 0a408c42-0719-4783-8c0f-a69cffa4bca1
[W 2022-06-14 09:37:18.497 ServerApp] Kernel does not exist: 0a408c42-0719-4783-8c0f-a69cffa4bca1
[W 2022-06-14 09:37:18.498 ServerApp] 404 GET /api/kernels/0a408c42-0719-4783-8c0f-a69cffa4bca1?1655195838320 (::1) 3.56ms referer=http://localhost:8885/lab/tree/jupyter_notebooks/paper/1b.Precipitation_timeseries.ipynb
[W 2022-06-14 09:37:18.904 ServerApp] 404 GET /api/kernels/d78a54fc-b9cc-4a8b-b05c-0548884240c5/channels?session_id=656fd1e3-868d-4a92-8062-60eb8624fa7b (::1): Kernel does not exist: d78a54fc-b9cc-4a8b-b05c-0548884240c5
[W 2022-06-14 09:37:18.906 ServerApp] 404 GET /api/kernels/d78a54fc-b9cc-4a8b-b05c-0548884240c5/channels?session_id=656fd1e3-868d-4a92-8062-60eb8624fa7b (::1) 6.13ms referer=None
[W 2022-06-14 09:37:18.930 ServerApp] 404 GET /api/kernels/d78a54fc-b9cc-4a8b-b05c-0548884240c5?1655195838755 (::1): Kernel does not exist: d78a54fc-b9cc-4a8b-b05c-0548884240c5
[W 2022-06-14 09:37:18.931 ServerApp] Kernel does not exist: d78a54fc-b9cc-4a8b-b05c-0548884240c5
[W 2022-06-14 09:37:18.931 ServerApp] 404 GET /api/kernels/d78a54fc-b9cc-4a8b-b05c-0548884240c5?1655195838755 (::1) 2.36ms referer=http://localhost:8885/lab/tree/jupyter_notebooks/paper/1b.Precipitation_timeseries.ipynb
[W 2022-06-14 09:37:34.332 ServerApp] 404 GET /api/kernels/9348b8a3-e482-424f-9f0c-735584fde370/channels?session_id=57d39b8f-e8f4-4926-b2e2-9d272139c8b5 (::1): Kernel does not exist: 9348b8a3-e482-424f-9f0c-735584fde370
[W 2022-06-14 09:37:34.337 ServerApp] 404 GET /api/kernels/9348b8a3-e482-424f-9f0c-735584fde370/channels?session_id=57d39b8f-e8f4-4926-b2e2-9d272139c8b5 (::1) 8.07ms referer=None
[W 2022-06-14 09:37:34.379 ServerApp] 404 GET /api/kernels/9348b8a3-e482-424f-9f0c-735584fde370?1655195854203 (::1): Kernel does not exist: 9348b8a3-e482-424f-9f0c-735584fde370
[W 2022-06-14 09:37:34.379 ServerApp] Kernel does not exist: 9348b8a3-e482-424f-9f0c-735584fde370
[W 2022-06-14 09:37:34.380 ServerApp] 404 GET /api/kernels/9348b8a3-e482-424f-9f0c-735584fde370?1655195854203 (::1) 3.01ms referer=http://localhost:8885/lab/tree/jupyter_notebooks/paper/1b.Precipitation_timeseries.ipynb
[W 2022-06-14 09:37:40.531 ServerApp] 404 GET /api/kernels/9348b8a3-e482-424f-9f0c-735584fde370/channels?session_id=57d39b8f-e8f4-4926-b2e2-9d272139c8b5 (::1): Kernel does not exist: 9348b8a3-e482-424f-9f0c-735584fde370
[W 2022-06-14 09:37:40.534 ServerApp] 404 GET /api/kernels/9348b8a3-e482-424f-9f0c-735584fde370/channels?session_id=57d39b8f-e8f4-4926-b2e2-9d272139c8b5 (::1) 7.27ms referer=None
[W 2022-06-14 09:37:40.559 ServerApp] 404 GET /api/kernels/9348b8a3-e482-424f-9f0c-735584fde370?1655195860382 (::1): Kernel does not exist: 9348b8a3-e482-424f-9f0c-735584fde370
[W 2022-06-14 09:37:40.560 ServerApp] Kernel does not exist: 9348b8a3-e482-424f-9f0c-735584fde370
[W 2022-06-14 09:37:40.561 ServerApp] 404 GET /api/kernels/9348b8a3-e482-424f-9f0c-735584fde370?1655195860382 (::1) 3.06ms referer=http://localhost:8885/lab/tree/jupyter_notebooks/paper/1b.Precipitation_timeseries.ipynb
[W 2022-06-14 09:37:45.353 ServerApp] 404 GET /api/kernels/feaa8cff-0254-4778-b8fd-76a5cbbbd6f0/channels?session_id=a6d5de86-ad1e-4b3b-8dab-448f3270469a (::1): Kernel does not exist: feaa8cff-0254-4778-b8fd-76a5cbbbd6f0
[W 2022-06-14 09:37:45.355 ServerApp] 404 GET /api/kernels/feaa8cff-0254-4778-b8fd-76a5cbbbd6f0/channels?session_id=a6d5de86-ad1e-4b3b-8dab-448f3270469a (::1) 6.18ms referer=None
[W 2022-06-14 09:37:45.390 ServerApp] 404 GET /api/kernels/feaa8cff-0254-4778-b8fd-76a5cbbbd6f0?1655195865214 (::1): Kernel does not exist: feaa8cff-0254-4778-b8fd-76a5cbbbd6f0
[W 2022-06-14 09:37:45.391 ServerApp] Kernel does not exist: feaa8cff-0254-4778-b8fd-76a5cbbbd6f0
[W 2022-06-14 09:37:45.391 ServerApp] 404 GET /api/kernels/feaa8cff-0254-4778-b8fd-76a5cbbbd6f0?1655195865214 (::1) 2.30ms referer=http://localhost:8885/lab/tree/jupyter_notebooks/paper/1b.Precipitation_timeseries.ipynb
[W 2022-06-14 09:37:53.506 ServerApp] 404 GET /api/kernels/d78a54fc-b9cc-4a8b-b05c-0548884240c5/channels?session_id=656fd1e3-868d-4a92-8062-60eb8624fa7b (::1): Kernel does not exist: d78a54fc-b9cc-4a8b-b05c-0548884240c5
[W 2022-06-14 09:37:53.509 ServerApp] 404 GET /api/kernels/d78a54fc-b9cc-4a8b-b05c-0548884240c5/channels?session_id=656fd1e3-868d-4a92-8062-60eb8624fa7b (::1) 6.66ms referer=None
[W 2022-06-14 09:37:53.534 ServerApp] 404 GET /api/kernels/d78a54fc-b9cc-4a8b-b05c-0548884240c5?1655195873356 (::1): Kernel does not exist: d78a54fc-b9cc-4a8b-b05c-0548884240c5
[W 2022-06-14 09:37:53.534 ServerApp] Kernel does not exist: d78a54fc-b9cc-4a8b-b05c-0548884240c5
[W 2022-06-14 09:37:53.535 ServerApp] 404 GET /api/kernels/d78a54fc-b9cc-4a8b-b05c-0548884240c5?1655195873356 (::1) 3.01ms referer=http://localhost:8885/lab/tree/jupyter_notebooks/paper/1b.Precipitation_timeseries.ipynb
[W 2022-06-14 09:37:58.754 ServerApp] 404 GET /api/kernels/0a408c42-0719-4783-8c0f-a69cffa4bca1/channels?session_id=d3482239-6978-4838-b5a2-f843d4c5f607 (::1): Kernel does not exist: 0a408c42-0719-4783-8c0f-a69cffa4bca1
[W 2022-06-14 09:37:58.756 ServerApp] 404 GET /api/kernels/0a408c42-0719-4783-8c0f-a69cffa4bca1/channels?session_id=d3482239-6978-4838-b5a2-f843d4c5f607 (::1) 6.36ms referer=None
[W 2022-06-14 09:37:58.780 ServerApp] 404 GET /api/kernels/0a408c42-0719-4783-8c0f-a69cffa4bca1?1655195878603 (::1): Kernel does not exist: 0a408c42-0719-4783-8c0f-a69cffa4bca1
[W 2022-06-14 09:37:58.781 ServerApp] Kernel does not exist: 0a408c42-0719-4783-8c0f-a69cffa4bca1
[W 2022-06-14 09:37:58.782 ServerApp] 404 GET /api/kernels/0a408c42-0719-4783-8c0f-a69cffa4bca1?1655195878603 (::1) 2.79ms referer=http://localhost:8885/lab/tree/jupyter_notebooks/paper/1b.Precipitation_timeseries.ipynb
[W 2022-06-14 09:38:07.797 ServerApp] 404 GET /api/kernels/aa43cd0c-abf8-4204-a364-b72d795cd894/channels?session_id=5a7b8783-a5b3-4dfb-a9d4-c4bcffba341a (::1): Kernel does not exist: aa43cd0c-abf8-4204-a364-b72d795cd894
[W 2022-06-14 09:38:07.802 ServerApp] 404 GET /api/kernels/aa43cd0c-abf8-4204-a364-b72d795cd894/channels?session_id=5a7b8783-a5b3-4dfb-a9d4-c4bcffba341a (::1) 9.75ms referer=None
[W 2022-06-14 09:38:07.830 ServerApp] 404 GET /api/kernels/aa43cd0c-abf8-4204-a364-b72d795cd894?1655195887649 (::1): Kernel does not exist: aa43cd0c-abf8-4204-a364-b72d795cd894
[W 2022-06-14 09:38:07.831 ServerApp] Kernel does not exist: aa43cd0c-abf8-4204-a364-b72d795cd894
[W 2022-06-14 09:38:07.832 ServerApp] 404 GET /api/kernels/aa43cd0c-abf8-4204-a364-b72d795cd894?1655195887649 (::1) 3.06ms referer=http://localhost:8885/lab/tree/jupyter_notebooks/paper/1b.Precipitation_timeseries.ipynb
[W 2022-06-14 09:38:09.392 ServerApp] 404 GET /api/kernels/babec40f-135a-42c1-8757-5456a3cfceac/channels?session_id=c5d6e77e-cf84-4d48-a922-a2fc7fd8f4a6 (::1): Kernel does not exist: babec40f-135a-42c1-8757-5456a3cfceac
[W 2022-06-14 09:38:09.395 ServerApp] 404 GET /api/kernels/babec40f-135a-42c1-8757-5456a3cfceac/channels?session_id=c5d6e77e-cf84-4d48-a922-a2fc7fd8f4a6 (::1) 6.21ms referer=None
[W 2022-06-14 09:38:09.432 ServerApp] 404 GET /api/kernels/babec40f-135a-42c1-8757-5456a3cfceac?1655195889255 (::1): Kernel does not exist: babec40f-135a-42c1-8757-5456a3cfceac
[W 2022-06-14 09:38:09.433 ServerApp] Kernel does not exist: babec40f-135a-42c1-8757-5456a3cfceac
[W 2022-06-14 09:38:09.433 ServerApp] 404 GET /api/kernels/babec40f-135a-42c1-8757-5456a3cfceac?1655195889255 (::1) 2.35ms referer=http://localhost:8885/lab/tree/jupyter_notebooks/paper/1b.Precipitation_timeseries.ipynb
[W 2022-06-14 09:38:19.333 ServerApp] 404 GET /api/kernels/feaa8cff-0254-4778-b8fd-76a5cbbbd6f0/channels?session_id=a6d5de86-ad1e-4b3b-8dab-448f3270469a (::1): Kernel does not exist: feaa8cff-0254-4778-b8fd-76a5cbbbd6f0
[W 2022-06-14 09:38:19.335 ServerApp] 404 GET /api/kernels/feaa8cff-0254-4778-b8fd-76a5cbbbd6f0/channels?session_id=a6d5de86-ad1e-4b3b-8dab-448f3270469a (::1) 6.35ms referer=None
[W 2022-06-14 09:38:19.364 ServerApp] 404 GET /api/kernels/feaa8cff-0254-4778-b8fd-76a5cbbbd6f0?1655195899184 (::1): Kernel does not exist: feaa8cff-0254-4778-b8fd-76a5cbbbd6f0
[W 2022-06-14 09:38:19.365 ServerApp] Kernel does not exist: feaa8cff-0254-4778-b8fd-76a5cbbbd6f0
[W 2022-06-14 09:38:19.365 ServerApp] 404 GET /api/kernels/feaa8cff-0254-4778-b8fd-76a5cbbbd6f0?1655195899184 (::1) 2.95ms referer=http://localhost:8885/lab/tree/jupyter_notebooks/paper/1b.Precipitation_timeseries.ipynb
[I 2022-06-14 10:04:38.875 LabApp] Build is up to date
[E 2022-06-14 10:04:40.260 ServerApp] Uncaught exception GET /lab/api/settings/@jupyterlab/csvviewer-extension:tsv?1655197477663 (::1)
    HTTPServerRequest(protocol='http', host='localhost:8885', method='GET', uri='/lab/api/settings/@jupyterlab/csvviewer-extension:tsv?1655197477663', version='HTTP/1.1', remote_ip='::1')
    Traceback (most recent call last):
      File "/home/k/kimpson/bin/conda/envs/workhorse/lib/python3.7/site-packages/tornado/web.py", line 1704, in _execute
        result = await result
    tornado.iostream.StreamClosedError: Stream is closed
[E 2022-06-14 10:04:40.362 ServerApp] Uncaught exception GET /lab/api/settings/@jupyterlab/csvviewer-extension:csv?1655197477663 (::1)
    HTTPServerRequest(protocol='http', host='localhost:8885', method='GET', uri='/lab/api/settings/@jupyterlab/csvviewer-extension:csv?1655197477663', version='HTTP/1.1', remote_ip='::1')
    Traceback (most recent call last):
      File "/home/k/kimpson/bin/conda/envs/workhorse/lib/python3.7/site-packages/tornado/web.py", line 1704, in _execute
        result = await result
    tornado.iostream.StreamClosedError: Stream is closed
[E 2022-06-14 10:04:46.657 ServerApp] Uncaught exception GET /lab/api/settings?1655197486317 (::1)
    HTTPServerRequest(protocol='http', host='localhost:8885', method='GET', uri='/lab/api/settings?1655197486317', version='HTTP/1.1', remote_ip='::1')
    Traceback (most recent call last):
      File "/home/k/kimpson/bin/conda/envs/workhorse/lib/python3.7/site-packages/tornado/web.py", line 1704, in _execute
        result = await result
    tornado.iostream.StreamClosedError: Stream is closed
[I 2022-06-14 10:04:50.256 LabApp] Build is up to date
[I 2022-06-14 10:04:56.702 ServerApp] Kernel started: e83b10e3-f0f4-4818-bf0f-af3f4520a3f3
[I 2022-06-14 10:04:56.705 ServerApp] Kernel started: 406b89bf-6704-4f5c-81a6-a49361f6aafd
[I 2022-06-14 10:04:56.707 ServerApp] Kernel started: 9d5c4c84-d95d-45be-9c9f-212a7cc53f5a
[I 2022-06-14 10:04:56.711 ServerApp] Kernel started: db9d49e7-b2e4-4643-b27c-3fa1902eaaaf
[I 2022-06-14 10:04:56.714 ServerApp] Kernel started: 9aac199e-45ec-4a45-9eb8-e3bf34a8a587
[I 2022-06-14 10:04:56.717 ServerApp] Kernel started: 4dc1853a-044e-4c3a-a63f-0c24d583e060
[I 2022-06-14 10:05:03.380 ServerApp] Starting buffering for 4dc1853a-044e-4c3a-a63f-0c24d583e060:fdd37e63-930f-4829-abf3-3114c1638d34
[I 2022-06-14 10:09:00.039 ServerApp] Saving file at /jupyter_notebooks/paper/1b.Precipitation_timeseries.ipynb
[I 2022-06-14 10:10:47.843 ServerApp] Saving file at /jupyter_notebooks/paper/1b.Precipitation_timeseries.ipynb
[I 2022-06-14 10:10:59.155 ServerApp] Saving file at /jupyter_notebooks/paper/1a.Temperature_timeseries.ipynb
[I 2022-06-14 10:12:10.963 ServerApp] Saving file at /jupyter_notebooks/paper/1a.Temperature_timeseries.ipynb
